C51 COMPILER V9.54   INITDEVICE                                                            12/13/2018 17:49:10 PAGE 1   


C51 COMPILER V9.54, COMPILATION OF MODULE INITDEVICE
OBJECT MODULE PLACED IN .\Objects\InitDevice.obj
COMPILER INVOKED BY: C:\Keil_v4\C51\BIN\C51.EXE src\InitDevice.c OPTIMIZE(8,SPEED) BROWSE INCDIR(.\inc) DEBUG OBJECTEXTE
                    -ND PRINT(.\Listings\InitDevice.lst) TABS(2) OBJECT(.\Objects\InitDevice.obj)

line level    source

   1          #include <SI_EFM8BB2_Register_Enums.h>
   2          #include "InitDevice.h"
   3          
   4          void CLOCK_Init(void) 
   5          {
   6   1        int i=0;
   7   1        CLKSEL = 0x00;         //24.5MHz 
   8   1        while(CLKSEL & 0x80 != 0x80);
   9   1        for(i=0;i<1000;i++);   //等待时钟稳定
  10   1        CLKSEL = 0x03;         //49MHz
  11   1        while(CLKSEL & 0x80 != 0x80);
  12   1      }
  13          
  14          /*外部中断初始化*/
  15          void EX0_Init(void)
  16          {
  17   1        XBR2 = 0x40;
  18   1        IT01CF = 0x0A;      
  19   1        IE |= 0x05;         
  20   1      }
  21          
  22          /*定时器0初始化*/
  23          void Timer0_Init()
  24          {
  25   1        CKCON0 |= 0x05;      //24.5MHz  1/24.5 us   
  26   1        TMOD |= 0x01;     
  27   1        TL0 = 0x00;
  28   1        TH0 = 0x00;
  29   1        TCON |= 0x10;  
  30   1      
  31   1      }
  32          
  33          
  34          /*SPI0 初始化*/
  35          void SPI0_Init()
  36          {
  37   1        P0MDOUT = 0x40;     //P0.6 SPI MOSI
  38   1        P0SKIP = 0x3F;
  39   1        P1MDOUT = 0x13;
  40   1      
  41   1        SFRPAGE = 0x00;
  42   1        XBR2 = 0x40;
  43   1        XBR0 = 0x02;   //SPI
  44   1        
  45   1        SPI0CKR = 0x02;       //
  46   1        SPI0CFG |= 0x40;      
  47   1        SPI0CN0 |= 0x01;
  48   1      }
  49          
  50          /*ADC 初始化*/
  51          void ADC_Init()
  52          {
  53   1        XBR2 = 0x40;
  54   1        XBR0 |=0x01;
C51 COMPILER V9.54   INITDEVICE                                                            12/13/2018 17:49:10 PAGE 2   

  55   1        
  56   1        ADC0MX = 0x0E;        //weifeng modify
  57   1        
  58   1        //ADC0CF = 0x09;
  59   1        ADC0CF = 0x11;
  60   1        ADC0PWR = 0x4F;
  61   1        ADC0CN0 &= ~0x07;
  62   1        ADC0CN0 |= 0x80;  
  63   1      }
  64          //void UART_Init()
  65          //{
  66          //    uint8_t TCON_save = TCON;
  67          //    XBR2 = 0x40;
  68          //    XBR0 = 0x01;
  69          //    TCON &= 0x10 & 0x40;
  70          //    TH1 = 0x96;
  71          //    TCON = TCON_save;
  72          //  
  73          //    CKCON0 = 0x08;
  74          //    TMOD = 0x20;
  75          //    TCON |= 0x40;
  76          //    SCON0 |= 0x10;    
  77          //}


MODULE INFORMATION:   STATIC OVERLAYABLE
   CODE SIZE        =     96    ----
   CONSTANT SIZE    =   ----    ----
   XDATA SIZE       =   ----    ----
   PDATA SIZE       =   ----    ----
   DATA SIZE        =   ----    ----
   IDATA SIZE       =   ----    ----
   BIT SIZE         =   ----    ----
END OF MODULE INFORMATION.


C51 COMPILATION COMPLETE.  0 WARNING(S),  0 ERROR(S)
